Elasticsearch INFO: 2018-02-07T16:04:33Z
  Adding connection to http://localhost:9200/

Script delete-index
Elasticsearch DEBUG: 2018-02-07T16:04:33Z
  starting request {
    "method": "DELETE",
    "path": "/constituencies",
    "query": {}
  }
  

Elasticsearch TRACE: 2018-02-07T16:04:33Z
  -> DELETE http://localhost:9200/constituencies
  
  <- 404
  {
    "error": {
      "root_cause": [
        {
          "type": "index_not_found_exception",
          "reason": "no such index",
          "resource.type": "index_or_alias",
          "resource.id": "constituencies",
          "index_uuid": "_na_",
          "index": "constituencies"
        }
      ],
      "type": "index_not_found_exception",
      "reason": "no such index",
      "resource.type": "index_or_alias",
      "resource.id": "constituencies",
      "index_uuid": "_na_",
      "index": "constituencies"
    },
    "status": 404
  }

Elasticsearch DEBUG: 2018-02-07T16:04:33Z
  Request complete

-- Delete Index --
{ error: 
   { root_cause: [ [Object] ],
     type: 'index_not_found_exception',
     reason: 'no such index',
     'resource.type': 'index_or_alias',
     'resource.id': 'constituencies',
     index_uuid: '_na_',
     index: 'constituencies' },
  status: 404 }
-- End --
