Elasticsearch INFO: 2018-02-07T16:05:14Z
  Adding connection to http://localhost:9200/

Script index-info
Elasticsearch DEBUG: 2018-02-07T16:05:14Z
  starting request {
    "method": "GET",
    "path": "/_cat/indices",
    "query": {
      "format": "json"
    }
  }
  

Elasticsearch TRACE: 2018-02-07T16:05:14Z
  -> GET http://localhost:9200/_cat/indices?format=json
  
  <- 200
  [
    {
      "health": "yellow",
      "status": "open",
      "index": "test",
      "uuid": "j3p8u2FMQuOrr9VY5BOkfQ",
      "pri": "5",
      "rep": "1",
      "docs.count": "206560",
      "docs.deleted": "0",
      "store.size": "122.4mb",
      "pri.store.size": "122.4mb"
    },
    {
      "health": "yellow",
      "status": "open",
      "index": ".monitoring-es-6-2018.02.07",
      "uuid": "io-_3mztSwe90CsTSXrIqA",
      "pri": "1",
      "rep": "1",
      "docs.count": "6014",
      "docs.deleted": "342",
      "store.size": "3.4mb",
      "pri.store.size": "3.4mb"
    },
    {
      "health": "yellow",
      "status": "open",
      "index": ".kibana",
      "uuid": "i2cme6wrQb-UDhJ8e-1KrA",
      "pri": "1",
      "rep": "1",
      "docs.count": "6",
      "docs.deleted": "0",
      "store.size": "32.3kb",
      "pri.store.size": "32.3kb"
    },
    {
      "health": "yellow",
      "status": "open",
      "index": ".monitoring-es-6-2018.02.05",
      "uuid": "BFNpNhv1R4e89pQaJx9VMA",
      "pri": "1",
      "rep": "1",
      "docs.count": "65525",
      "docs.deleted": "568",
      "store.size": "35.8mb",
      "pri.store.size": "35.8mb"
    },
    {
      "health": "yellow",
      "status": "open",
      "index": "constituencies",
      "uuid": "lx1JPbw_SQCg7wF8L7X5tg",
      "pri": "5",
      "rep": "1",
      "docs.count": "650",
      "docs.deleted": "0",
      "store.size": "254.5kb",
      "pri.store.size": "254.5kb"
    },
    {
      "health": "yellow",
      "status": "open",
      "index": "customer",
      "uuid": "w7vuQQBiTRGIyvhyhvNmVg",
      "pri": "5",
      "rep": "1",
      "docs.count": "3",
      "docs.deleted": "0",
      "store.size": "11kb",
      "pri.store.size": "11kb"
    },
    {
      "health": "yellow",
      "status": "open",
      "index": "acctest1",
      "uuid": "BZbmZq48SfmzvZFacNwFjw",
      "pri": "5",
      "rep": "1",
      "docs.count": "0",
      "docs.deleted": "0",
      "store.size": "1.2kb",
      "pri.store.size": "1.2kb"
    },
    {
      "health": "yellow",
      "status": "open",
      "index": "bank",
      "uuid": "4CP0AaRFSFeOYYzjc5PDLA",
      "pri": "5",
      "rep": "1",
      "docs.count": "1000",
      "docs.deleted": "0",
      "store.size": "475.1kb",
      "pri.store.size": "475.1kb"
    },
    {
      "health": "yellow",
      "status": "open",
      "index": ".triggered_watches",
      "uuid": "deIwh1CdRJGseo4jNDppuQ",
      "pri": "1",
      "rep": "1",
      "docs.count": "0",
      "docs.deleted": "0",
      "store.size": "1.1mb",
      "pri.store.size": "1.1mb"
    },
    {
      "health": "yellow",
      "status": "open",
      "index": ".monitoring-es-6-2018.02.06",
      "uuid": "xWmFKcNISMupzX6WwK5wnw",
      "pri": "1",
      "rep": "1",
      "docs.count": "173876",
      "docs.deleted": "693",
      "store.size": "92.5mb",
      "pri.store.size": "92.5mb"
    },
    {
      "health": "yellow",
      "status": "open",
      "index": ".monitoring-kibana-6-2018.02.07",
      "uuid": "3cAU4bn4RA2aD7vwDzmVcw",
      "pri": "1",
      "rep": "1",
      "docs.count": "2",
      "docs.deleted": "0",
      "store.size": "27.9kb",
      "pri.store.size": "27.9kb"
    },
    {
      "health": "yellow",
      "status": "open",
      "index": ".monitoring-alerts-6",
      "uuid": "TMBs7mG6QdW5FirZsztCRA",
      "pri": "1",
      "rep": "1",
      "docs.count": "1",
      "docs.deleted": "0",
      "store.size": "12.1kb",
      "pri.store.size": "12.1kb"
    },
    {
      "health": "yellow",
      "status": "open",
      "index": ".monitoring-kibana-6-2018.02.06",
      "uuid": "ZRWDxOwZTySoQYkbiQWiVg",
      "pri": "1",
      "rep": "1",
      "docs.count": "7538",
      "docs.deleted": "0",
      "store.size": "1.5mb",
      "pri.store.size": "1.5mb"
    },
    {
      "health": "yellow",
      "status": "open",
      "index": ".monitoring-es-6-2018.02.02",
      "uuid": "ZbzSM5NbTX-ENFsYoBBPmg",
      "pri": "1",
      "rep": "1",
      "docs.count": "7023",
      "docs.deleted": "220",
      "store.size": "3.5mb",
      "pri.store.size": "3.5mb"
    },
    {
      "health": "yellow",
      "status": "open",
      "index": ".watcher-history-7-2018.02.02",
      "uuid": "j35ZJmUsQqiWSPdCRDINuw",
      "pri": "1",
      "rep": "1",
      "docs.count": "469",
      "docs.deleted": "0",
      "store.size": "714.4kb",
      "pri.store.size": "714.4kb"
    },
    {
      "health": "green",
      "status": "open",
      "index": ".security-6",
      "uuid": "lboc3zKJR1CBLliJBozZ3g",
      "pri": "1",
      "rep": "0",
      "docs.count": "3",
      "docs.deleted": "0",
      "store.size": "9.8kb",
      "pri.store.size": "9.8kb"
    },
    {
      "health": "yellow",
      "status": "open",
      "index": ".monitoring-kibana-6-2018.02.02",
      "uuid": "MTaBWk4PTeu_93hyNGU1sw",
      "pri": "1",
      "rep": "1",
      "docs.count": "359",
      "docs.deleted": "0",
      "store.size": "200.2kb",
      "pri.store.size": "200.2kb"
    },
    {
      "health": "yellow",
      "status": "open",
      "index": ".monitoring-kibana-6-2018.02.05",
      "uuid": "yh-2gG5JRfCVvB2uCIYKrw",
      "pri": "1",
      "rep": "1",
      "docs.count": "3260",
      "docs.deleted": "0",
      "store.size": "896.9kb",
      "pri.store.size": "896.9kb"
    },
    {
      "health": "yellow",
      "status": "open",
      "index": ".watcher-history-7-2018.02.05",
      "uuid": "WV-c_tqKQLShF8wfrGnVow",
      "pri": "1",
      "rep": "1",
      "docs.count": "3784",
      "docs.deleted": "0",
      "store.size": "4mb",
      "pri.store.size": "4mb"
    },
    {
      "health": "yellow",
      "status": "open",
      "index": ".watches",
      "uuid": "rS_dxOVtTT6V47q91T9mDA",
      "pri": "1",
      "rep": "1",
      "docs.count": "5",
      "docs.deleted": "0",
      "store.size": "62.2kb",
      "pri.store.size": "62.2kb"
    },
    {
      "health": "yellow",
      "status": "open",
      "index": ".reporting-2018.02.04",
      "uuid": "Ztski9vgSTqKFE_QUmpNJQ",
      "pri": "5",
      "rep": "1",
      "docs.count": "2",
      "docs.deleted": "0",
      "store.size": "479.2kb",
      "pri.store.size": "479.2kb"
    },
    {
      "health": "yellow",
      "status": "open",
      "index": ".watcher-history-7-2018.02.07",
      "uuid": "WuQ-E4EsQxaw-gww6Ut28Q",
      "pri": "1",
      "rep": "1",
      "docs.count": "214",
      "docs.deleted": "0",
      "store.size": "286.5kb",
      "pri.store.size": "286.5kb"
    },
    {
      "health": "yellow",
      "status": "open",
      "index": ".watcher-history-7-2018.02.06",
      "uuid": "B0UEBqmURC-aJbSm6Fdk7w",
      "pri": "1",
      "rep": "1",
      "docs.count": "8762",
      "docs.deleted": "0",
      "store.size": "8.6mb",
      "pri.store.size": "8.6mb"
    }
  ]

Elasticsearch DEBUG: 2018-02-07T16:05:14Z
  Request complete

-- Indicies --
[ { health: 'yellow',
    status: 'open',
    index: 'test',
    uuid: 'j3p8u2FMQuOrr9VY5BOkfQ',
    pri: '5',
    rep: '1',
    'docs.count': '206560',
    'docs.deleted': '0',
    'store.size': '122.4mb',
    'pri.store.size': '122.4mb' },
  { health: 'yellow',
    status: 'open',
    index: '.monitoring-es-6-2018.02.07',
    uuid: 'io-_3mztSwe90CsTSXrIqA',
    pri: '1',
    rep: '1',
    'docs.count': '6014',
    'docs.deleted': '342',
    'store.size': '3.4mb',
    'pri.store.size': '3.4mb' },
  { health: 'yellow',
    status: 'open',
    index: '.kibana',
    uuid: 'i2cme6wrQb-UDhJ8e-1KrA',
    pri: '1',
    rep: '1',
    'docs.count': '6',
    'docs.deleted': '0',
    'store.size': '32.3kb',
    'pri.store.size': '32.3kb' },
  { health: 'yellow',
    status: 'open',
    index: '.monitoring-es-6-2018.02.05',
    uuid: 'BFNpNhv1R4e89pQaJx9VMA',
    pri: '1',
    rep: '1',
    'docs.count': '65525',
    'docs.deleted': '568',
    'store.size': '35.8mb',
    'pri.store.size': '35.8mb' },
  { health: 'yellow',
    status: 'open',
    index: 'constituencies',
    uuid: 'lx1JPbw_SQCg7wF8L7X5tg',
    pri: '5',
    rep: '1',
    'docs.count': '650',
    'docs.deleted': '0',
    'store.size': '254.5kb',
    'pri.store.size': '254.5kb' },
  { health: 'yellow',
    status: 'open',
    index: 'customer',
    uuid: 'w7vuQQBiTRGIyvhyhvNmVg',
    pri: '5',
    rep: '1',
    'docs.count': '3',
    'docs.deleted': '0',
    'store.size': '11kb',
    'pri.store.size': '11kb' },
  { health: 'yellow',
    status: 'open',
    index: 'acctest1',
    uuid: 'BZbmZq48SfmzvZFacNwFjw',
    pri: '5',
    rep: '1',
    'docs.count': '0',
    'docs.deleted': '0',
    'store.size': '1.2kb',
    'pri.store.size': '1.2kb' },
  { health: 'yellow',
    status: 'open',
    index: 'bank',
    uuid: '4CP0AaRFSFeOYYzjc5PDLA',
    pri: '5',
    rep: '1',
    'docs.count': '1000',
    'docs.deleted': '0',
    'store.size': '475.1kb',
    'pri.store.size': '475.1kb' },
  { health: 'yellow',
    status: 'open',
    index: '.triggered_watches',
    uuid: 'deIwh1CdRJGseo4jNDppuQ',
    pri: '1',
    rep: '1',
    'docs.count': '0',
    'docs.deleted': '0',
    'store.size': '1.1mb',
    'pri.store.size': '1.1mb' },
  { health: 'yellow',
    status: 'open',
    index: '.monitoring-es-6-2018.02.06',
    uuid: 'xWmFKcNISMupzX6WwK5wnw',
    pri: '1',
    rep: '1',
    'docs.count': '173876',
    'docs.deleted': '693',
    'store.size': '92.5mb',
    'pri.store.size': '92.5mb' },
  { health: 'yellow',
    status: 'open',
    index: '.monitoring-kibana-6-2018.02.07',
    uuid: '3cAU4bn4RA2aD7vwDzmVcw',
    pri: '1',
    rep: '1',
    'docs.count': '2',
    'docs.deleted': '0',
    'store.size': '27.9kb',
    'pri.store.size': '27.9kb' },
  { health: 'yellow',
    status: 'open',
    index: '.monitoring-alerts-6',
    uuid: 'TMBs7mG6QdW5FirZsztCRA',
    pri: '1',
    rep: '1',
    'docs.count': '1',
    'docs.deleted': '0',
    'store.size': '12.1kb',
    'pri.store.size': '12.1kb' },
  { health: 'yellow',
    status: 'open',
    index: '.monitoring-kibana-6-2018.02.06',
    uuid: 'ZRWDxOwZTySoQYkbiQWiVg',
    pri: '1',
    rep: '1',
    'docs.count': '7538',
    'docs.deleted': '0',
    'store.size': '1.5mb',
    'pri.store.size': '1.5mb' },
  { health: 'yellow',
    status: 'open',
    index: '.monitoring-es-6-2018.02.02',
    uuid: 'ZbzSM5NbTX-ENFsYoBBPmg',
    pri: '1',
    rep: '1',
    'docs.count': '7023',
    'docs.deleted': '220',
    'store.size': '3.5mb',
    'pri.store.size': '3.5mb' },
  { health: 'yellow',
    status: 'open',
    index: '.watcher-history-7-2018.02.02',
    uuid: 'j35ZJmUsQqiWSPdCRDINuw',
    pri: '1',
    rep: '1',
    'docs.count': '469',
    'docs.deleted': '0',
    'store.size': '714.4kb',
    'pri.store.size': '714.4kb' },
  { health: 'green',
    status: 'open',
    index: '.security-6',
    uuid: 'lboc3zKJR1CBLliJBozZ3g',
    pri: '1',
    rep: '0',
    'docs.count': '3',
    'docs.deleted': '0',
    'store.size': '9.8kb',
    'pri.store.size': '9.8kb' },
  { health: 'yellow',
    status: 'open',
    index: '.monitoring-kibana-6-2018.02.02',
    uuid: 'MTaBWk4PTeu_93hyNGU1sw',
    pri: '1',
    rep: '1',
    'docs.count': '359',
    'docs.deleted': '0',
    'store.size': '200.2kb',
    'pri.store.size': '200.2kb' },
  { health: 'yellow',
    status: 'open',
    index: '.monitoring-kibana-6-2018.02.05',
    uuid: 'yh-2gG5JRfCVvB2uCIYKrw',
    pri: '1',
    rep: '1',
    'docs.count': '3260',
    'docs.deleted': '0',
    'store.size': '896.9kb',
    'pri.store.size': '896.9kb' },
  { health: 'yellow',
    status: 'open',
    index: '.watcher-history-7-2018.02.05',
    uuid: 'WV-c_tqKQLShF8wfrGnVow',
    pri: '1',
    rep: '1',
    'docs.count': '3784',
    'docs.deleted': '0',
    'store.size': '4mb',
    'pri.store.size': '4mb' },
  { health: 'yellow',
    status: 'open',
    index: '.watches',
    uuid: 'rS_dxOVtTT6V47q91T9mDA',
    pri: '1',
    rep: '1',
    'docs.count': '5',
    'docs.deleted': '0',
    'store.size': '62.2kb',
    'pri.store.size': '62.2kb' },
  { health: 'yellow',
    status: 'open',
    index: '.reporting-2018.02.04',
    uuid: 'Ztski9vgSTqKFE_QUmpNJQ',
    pri: '5',
    rep: '1',
    'docs.count': '2',
    'docs.deleted': '0',
    'store.size': '479.2kb',
    'pri.store.size': '479.2kb' },
  { health: 'yellow',
    status: 'open',
    index: '.watcher-history-7-2018.02.07',
    uuid: 'WuQ-E4EsQxaw-gww6Ut28Q',
    pri: '1',
    rep: '1',
    'docs.count': '214',
    'docs.deleted': '0',
    'store.size': '286.5kb',
    'pri.store.size': '286.5kb' },
  { health: 'yellow',
    status: 'open',
    index: '.watcher-history-7-2018.02.06',
    uuid: 'B0UEBqmURC-aJbSm6Fdk7w',
    pri: '1',
    rep: '1',
    'docs.count': '8762',
    'docs.deleted': '0',
    'store.size': '8.6mb',
    'pri.store.size': '8.6mb' } ]
-- End --
